<?xml version="1.0" encoding="UTF-8"?>
<coverage generated="1783561394821" clover="3.2.0">
  <project timestamp="1783561394821" name="All files">
    <metrics statements="18" coveredstatements="18" conditionals="4" coveredconditionals="2" methods="7" coveredmethods="7" elements="29" coveredelements="27" complexity="0" loc="18" ncloc="18" packages="1" files="1" classes="1"/>
    <file name="post.service.ts" path="C:\Users\igorl\blogEscolaX\src\api\services\post.service.ts">
      <metrics statements="18" coveredstatements="18" conditionals="4" coveredconditionals="2" methods="7" coveredmethods="7"/>
      <line num="2" count="7" type="stmt"/>
      <line num="7" count="7" type="stmt"/>
      <line num="9" count="9" type="stmt"/>
      <line num="10" count="9" type="stmt"/>
      <line num="14" count="3" type="stmt"/>
      <line num="15" count="3" type="cond" truecount="1" falsecount="0"/>
      <line num="16" count="1" type="stmt"/>
      <line num="19" count="2" type="stmt"/>
      <line num="33" count="2" type="stmt"/>
      <line num="37" count="1" type="stmt"/>
      <line num="41" count="1" type="stmt"/>
      <line num="46" count="1" type="stmt"/>
      <line num="52" count="1" type="stmt"/>
      <line num="66" count="1" type="stmt"/>
      <line num="70" count="2" type="stmt"/>
      <line num="71" count="2" type="cond" truecount="1" falsecount="0"/>
      <line num="72" count="1" type="stmt"/>
      <line num="74" count="1" type="stmt"/>
    </file>
  </project>
</coverage>
