{"C:\\Users\\igorl\\blogEscolaX\\src\\api\\services\\post.service.ts": {"path":"C:\\Users\\igorl\\blogEscolaX\\src\\api\\services\\post.service.ts","statementMap":{"0":{"start":{"line":2,"column":0},"end":{"line":2,"column":52}},"1":{"start":{"line":9,"column":30},"end":{"line":9,"column":57}},"2":{"start":{"line":10,"column":30},"end":{"line":10,"column":61}},"3":{"start":{"line":14,"column":19},"end":{"line":14,"column":67}},"4":{"start":{"line":15,"column":4},"end":{"line":17,"column":5}},"5":{"start":{"line":16,"column":6},"end":{"line":16,"column":42}},"6":{"start":{"line":19,"column":24},"end":{"line":31,"column":6}},"7":{"start":{"line":33,"column":4},"end":{"line":33,"column":40}},"8":{"start":{"line":37,"column":4},"end":{"line":37,"column":null}},"9":{"start":{"line":41,"column":4},"end":{"line":41,"column":54}},"10":{"start":{"line":46,"column":4},"end":{"line":46,"column":52}},"11":{"start":{"line":52,"column":25},"end":{"line":64,"column":6}},"12":{"start":{"line":66,"column":4},"end":{"line":66,"column":44}},"13":{"start":{"line":70,"column":17},"end":{"line":70,"column":57}},"14":{"start":{"line":71,"column":4},"end":{"line":73,"column":5}},"15":{"start":{"line":72,"column":8},"end":{"line":72,"column":43}},"16":{"start":{"line":74,"column":4},"end":{"line":74,"column":41}},"17":{"start":{"line":7,"column":0},"end":{"line":7,"column":13}}},"fnMap":{"0":{"name":"(anonymous_0)","decl":{"start":{"line":8,"column":4},"end":{"line":8,"column":null}},"loc":{"start":{"line":10,"column":61},"end":{"line":11,"column":12}}},"1":{"name":"(anonymous_1)","decl":{"start":{"line":13,"column":10},"end":{"line":13,"column":15}},"loc":{"start":{"line":13,"column":41},"end":{"line":34,"column":4}}},"2":{"name":"(anonymous_2)","decl":{"start":{"line":36,"column":10},"end":{"line":36,"column":15}},"loc":{"start":{"line":36,"column":35},"end":{"line":38,"column":4}}},"3":{"name":"(anonymous_3)","decl":{"start":{"line":40,"column":10},"end":{"line":40,"column":15}},"loc":{"start":{"line":40,"column":60},"end":{"line":43,"column":4}}},"4":{"name":"(anonymous_4)","decl":{"start":{"line":45,"column":10},"end":{"line":45,"column":15}},"loc":{"start":{"line":45,"column":38},"end":{"line":48,"column":4}}},"5":{"name":"(anonymous_5)","decl":{"start":{"line":50,"column":10},"end":{"line":50,"column":15}},"loc":{"start":{"line":50,"column":53},"end":{"line":67,"column":4}}},"6":{"name":"(anonymous_6)","decl":{"start":{"line":69,"column":10},"end":{"line":69,"column":15}},"loc":{"start":{"line":69,"column":33},"end":{"line":75,"column":4}}}},"branchMap":{"0":{"loc":{"start":{"line":15,"column":4},"end":{"line":17,"column":5}},"type":"if","locations":[{"start":{"line":15,"column":4},"end":{"line":17,"column":5}}]},"1":{"loc":{"start":{"line":40,"column":24},"end":{"line":40,"column":40}},"type":"default-arg","locations":[{"start":{"line":40,"column":39},"end":{"line":40,"column":40}}]},"2":{"loc":{"start":{"line":40,"column":42},"end":{"line":40,"column":60}},"type":"default-arg","locations":[{"start":{"line":40,"column":58},"end":{"line":40,"column":60}}]},"3":{"loc":{"start":{"line":71,"column":4},"end":{"line":73,"column":5}},"type":"if","locations":[{"start":{"line":71,"column":4},"end":{"line":73,"column":5}}]}},"s":{"0":1,"1":9,"2":9,"3":3,"4":3,"5":1,"6":2,"7":2,"8":1,"9":1,"10":1,"11":1,"12":1,"13":2,"14":2,"15":1,"16":1,"17":1},"f":{"0":9,"1":3,"2":1,"3":1,"4":1,"5":1,"6":2},"b":{"0":[1],"1":[0],"2":[0],"3":[1]}}
}
