TN:
SF:src\api\services\post.service.ts
FN:8,(anonymous_0)
FN:13,(anonymous_1)
FN:36,(anonymous_2)
FN:40,(anonymous_3)
FN:45,(anonymous_4)
FN:50,(anonymous_5)
FN:69,(anonymous_6)
FNF:7
FNH:7
FNDA:9,(anonymous_0)
FNDA:3,(anonymous_1)
FNDA:1,(anonymous_2)
FNDA:1,(anonymous_3)
FNDA:1,(anonymous_4)
FNDA:1,(anonymous_5)
FNDA:2,(anonymous_6)
DA:2,1
DA:7,1
DA:9,9
DA:10,9
DA:14,3
DA:15,3
DA:16,1
DA:19,2
DA:33,2
DA:37,1
DA:41,1
DA:46,1
DA:52,1
DA:66,1
DA:70,2
DA:71,2
DA:72,1
DA:74,1
LF:18
LH:18
BRDA:15,0,0,1
BRDA:40,1,0,0
BRDA:40,2,0,0
BRDA:71,3,0,1
BRF:4
BRH:2
end_of_record
